This is LuaHBTeX, Version 1.22.0 (TeX Live 2025)  (format=lualatex 2026.1.6)  20 JUN 2026 14:19
 restricted system commands enabled.
**matins.tex
(./matins.tex
LaTeX2e <2025-11-01>
L3 programming layer <2025-12-29>
Lua module: luaotfload 2024-12-03 v3.29 Lua based OpenType font support
Lua module: lualibs 2023-07-13 v2.76 ConTeXt Lua standard libraries.
Lua module: lualibs-extended 2023-07-13 v2.76 ConTeXt Lua libraries -- extended 
collection.
luaotfload | conf : Root cache directory is "/home/noahlovins/.texlive2025/texmf
-var/luatex-cache/generic/names".
luaotfload | init : Loading fontloader "fontloader-2023-12-28.lua" from kpse-res
olved path "/usr/local/texlive/2025/texmf-dist/tex/luatex/luaotfload/fontloader-
2023-12-28.lua".
Lua-only attribute luaotfload@noligature = 1
luaotfload | init : Context OpenType loader version 3.134
Inserting `luaotfload.node_processor' in `pre_linebreak_filter'.
Inserting `luaotfload.node_processor' in `hpack_filter'.
Inserting `luaotfload.glyph_stream' in `glyph_stream_provider'.
Inserting `luaotfload.define_font' in `define_font'.
Lua-only attribute luaotfload_color_attribute = 2
luaotfload | conf : Root cache directory is "/home/noahlovins/.texlive2025/texmf
-var/luatex-cache/generic/names".
Inserting `luaotfload.harf.strip_prefix' in `find_opentype_file'.
Inserting `luaotfload.harf.strip_prefix' in `find_truetype_file'.
Removing  `luaotfload.glyph_stream' from `glyph_stream_provider'.
Inserting `luaotfload.harf.glyphstream' in `glyph_stream_provider'.
Inserting `luaotfload.harf.finalize_vlist' in `post_linebreak_filter'.
Inserting `luaotfload.harf.finalize_hlist' in `hpack_filter'.
Inserting `luaotfload.cleanup_files' in `wrapup_run'.
Inserting `luaotfload.harf.finalize_unicode' in `finish_pdffile'.
Inserting `luaotfload.glyphinfo' in `glyph_info'.
Lua-only attribute luaotfload.letterspace_done = 3
Inserting `luaotfload.aux.set_sscale_dimens' in `luaotfload.patch_font'.
Inserting `luaotfload.aux.set_font_index' in `luaotfload.patch_font'.
Inserting `luaotfload.aux.patch_cambria_domh' in `luaotfload.patch_font'.
Inserting `luaotfload.aux.fixup_fontdata' in `luaotfload.patch_font_unsafe'.
Inserting `luaotfload.aux.set_capheight' in `luaotfload.patch_font'.
Inserting `luaotfload.aux.set_xheight' in `luaotfload.patch_font'.
Inserting `luaotfload.rewrite_fontname' in `luaotfload.patch_font'.
Inserting `tracingstacklevels' in `input_level_string'. (/usr/local/texlive/202
5/texmf-dist/tex/latex/base/article.cls
Document Class: article 2025/01/22 v1.4n Standard LaTeX document class
(/usr/local/texlive/2025/texmf-dist/tex/latex/base/size11.clo
File: size11.clo 2025/01/22 v1.4n Standard LaTeX file (size option)
luaotfload | db : Font names database loaded from /home/noahlovins/.texlive2025/
texmf-var/luatex-cache/generic/names/luaotfload-names.luc.gz)
\c@part=\count273
\c@section=\count274
\c@subsection=\count275
\c@subsubsection=\count276
\c@paragraph=\count277
\c@subparagraph=\count278
\c@figure=\count279
\c@table=\count280
\abovecaptionskip=\skip49
\belowcaptionskip=\skip50
\bibindent=\dimen147
)
(/usr/local/texlive/2025/texmf-dist/tex/latex/fontspec/fontspec.sty
(/usr/local/texlive/2025/texmf-dist/tex/latex/l3packages/xparse/xparse.sty
(/usr/local/texlive/2025/texmf-dist/tex/latex/l3kernel/expl3.sty
Package: expl3 2025-12-29 L3 programming layer (loader) 

(/usr/local/texlive/2025/texmf-dist/tex/latex/l3backend/l3backend-luatex.def
File: l3backend-luatex.def 2025-10-09 L3 backend support: PDF output (LuaTeX)
\l__color_backend_stack_int=\count281
Inserting `l3color' in `luaotfload.parse_color'.))
Package: xparse 2025-10-09 L3 Experimental document command parser
)
Package: fontspec 2025/09/29 v2.9g Font selection for XeLaTeX and LuaLaTeX
Lua module: fontspec 2025/09/29 v2.9g Font selection for XeLaTeX and LuaLaTeX (/usr/local/texlive/2025/texmf-dist/tex/latex/fontspec/fontspec-luatex.sty
Package: fontspec-luatex 2025/09/29 v2.9g Font selection for XeLaTeX and LuaLaT
eX
\l__fontspec_script_int=\count282
\l__fontspec_language_int=\count283
\l__fontspec_strnum_int=\count284
\l__fontspec_tmp_int=\count285
\l__fontspec_tmpa_int=\count286
\l__fontspec_tmpb_int=\count287
\l__fontspec_tmpc_int=\count288
\l__fontspec_em_int=\count289
\l__fontspec_emdef_int=\count290
\l__fontspec_strong_int=\count291
\l__fontspec_strongdef_int=\count292
\l__fontspec_tmpa_dim=\dimen148
\l__fontspec_tmpb_dim=\dimen149
\l__fontspec_tmpc_dim=\dimen150

(/usr/local/texlive/2025/texmf-dist/tex/latex/base/fontenc.sty
Package: fontenc 2025/07/18 v2.1d Standard LaTeX package
)
(/usr/local/texlive/2025/texmf-dist/tex/latex/fontspec/fontspec.cfg)))
luaotfload | cache : Lookup cache loaded from /home/noahlovins/.texlive2025/texm
f-var/luatex-cache/generic/names/luaotfload-lookup-cache.luc.

Package fontspec Info: 
(fontspec)             Font family 'PlantinMTPro(0)' created for font 'Plantin
(fontspec)             MT Pro' with options
(fontspec)             [Ligatures=TeX,Ligatures=Rare,Numbers=Proportional,Numbe
rs=OldStyle].
(fontspec)              
(fontspec)              This font family consists of the following NFSS
(fontspec)             series/shapes:
(fontspec)              
(fontspec)             - 'normal' (m/n) with NFSS spec.: <->"name:Plantin MT
(fontspec)             Pro:mode=node;script=latn;language=dflt;+tlig;+dlig;+pnu
m;+onum;"
(fontspec)             - 'small caps'  (m/sc) with NFSS spec.:
(fontspec)             <->"name:Plantin MT
(fontspec)             Pro:mode=node;script=latn;language=dflt;+tlig;+dlig;+pnu
m;+onum;+smcp;"
(fontspec)             - 'bold' (b/n) with NFSS spec.: <->"name:Plantin MT
(fontspec)             Pro/B:mode=node;script=latn;language=dflt;+tlig;+dlig;+p
num;+onum;"
(fontspec)             - 'italic' (m/it) with NFSS spec.: <->"name:Plantin MT
(fontspec)             Pro/I:mode=node;script=latn;language=dflt;+tlig;+dlig;+p
num;+onum;"
(fontspec)             - 'bold italic' (b/it) with NFSS spec.:
(fontspec)             <->"name:Plantin MT
(fontspec)             Pro/BI:mode=node;script=latn;language=dflt;+tlig;+dlig;+
pnum;+onum;"


Package fontspec Info: 
(fontspec)             Could not resolve font "Lasance Initials/BI" (it
(fontspec)             probably doesn't exist).


Package fontspec Info: 
(fontspec)             Could not resolve font "Lasance Initials/B" (it
(fontspec)             probably doesn't exist).


Package fontspec Info: 
(fontspec)             Could not resolve font "Lasance Initials/I" (it
(fontspec)             probably doesn't exist).


Package fontspec Info: 
(fontspec)             Font family 'LasanceInitials(0)' created for font
(fontspec)             'Lasance Initials' with options [].
(fontspec)              
(fontspec)              This font family consists of the following NFSS
(fontspec)             series/shapes:
(fontspec)              
(fontspec)             - 'normal' (m/n) with NFSS spec.: <->"name:Lasance
(fontspec)             Initials:mode=node;language=dflt;"


Package fontspec Info: 
(fontspec)             Could not resolve font "Canterbury/BI" (it probably
(fontspec)             doesn't exist).


Package fontspec Info: 
(fontspec)             Could not resolve font "Canterbury/B" (it probably
(fontspec)             doesn't exist).


Package fontspec Info: 
(fontspec)             Could not resolve font "Canterbury/I" (it probably
(fontspec)             doesn't exist).


Package fontspec Info: 
(fontspec)             Font family 'Canterbury(0)' created for font
(fontspec)             'Canterbury' with options [].
(fontspec)              
(fontspec)              This font family consists of the following NFSS
(fontspec)             series/shapes:
(fontspec)              
(fontspec)             - 'normal' (m/n) with NFSS spec.:
(fontspec)             <->"name:Canterbury:mode=node;language=dflt;"


Package fontspec Info: 
(fontspec)             Font family 'EBGaramond(0)' created for font 'EB
(fontspec)             Garamond' with options [].
(fontspec)              
(fontspec)              This font family consists of the following NFSS
(fontspec)             series/shapes:
(fontspec)              
(fontspec)             - 'normal' (m/n) with NFSS spec.: <->"name:EB
(fontspec)             Garamond:mode=node;script=latn;language=dflt;"
(fontspec)             - 'small caps'  (m/sc) with NFSS spec.: <->"name:EB
(fontspec)             Garamond:mode=node;script=latn;language=dflt;+smcp;"
(fontspec)             - 'bold' (b/n) with NFSS spec.: <->"name:EB
(fontspec)             Garamond/B:mode=node;script=latn;language=dflt;"
(fontspec)             - 'bold small caps'  (b/sc) with NFSS spec.:
(fontspec)             <->"name:EB
(fontspec)             Garamond/B:mode=node;script=latn;language=dflt;+smcp;"
(fontspec)             - 'italic' (m/it) with NFSS spec.: <->"name:EB
(fontspec)             Garamond/I:mode=node;script=latn;language=dflt;"
(fontspec)             - 'italic small caps'  (m/scit) with NFSS spec.:
(fontspec)             <->"name:EB
(fontspec)             Garamond/I:mode=node;script=latn;language=dflt;+smcp;"
(fontspec)             - 'bold italic' (b/it) with NFSS spec.: <->"name:EB
(fontspec)             Garamond/BI:mode=node;script=latn;language=dflt;"
(fontspec)             - 'bold italic small caps'  (b/scit) with NFSS spec.:
(fontspec)             <->"name:EB
(fontspec)             Garamond/BI:mode=node;script=latn;language=dflt;+smcp;"


(/usr/local/texlive/2025/texmf-dist/tex/latex/newunicodechar/newunicodechar.sty
Package: newunicodechar 2018/04/08 v1.2 Defining Unicode characters
) (/usr/local/texlive/2025/texmf-dist/tex/lualatex/gregoriotex/gregoriotex.sty
Package: gregoriotex 2025/02/28 v6.1.0 GregorioTeX system.

(/usr/local/texlive/2025/texmf-dist/tex/generic/iftex/iftex.sty
Package: iftex 2024/12/12 v1.0g TeX engine tests
)
(/usr/local/texlive/2025/texmf-dist/tex/latex/xcolor/xcolor.sty
Package: xcolor 2024/09/29 v3.02 LaTeX color extensions (UK)

(/usr/local/texlive/2025/texmf-dist/tex/latex/graphics-cfg/color.cfg
File: color.cfg 2016/01/02 v1.6 sample color configuration
)
Package xcolor Info: Driver file: luatex.def on input line 274.

(/usr/local/texlive/2025/texmf-dist/tex/latex/graphics-def/luatex.def
File: luatex.def 2025/09/29 v1.2f Graphics/color driver for luatex
)
(/usr/local/texlive/2025/texmf-dist/tex/latex/graphics/mathcolor.ltx)
Package xcolor Info: Model `cmy' substituted by `cmy0' on input line 1349.
Package xcolor Info: Model `hsb' substituted by `rgb' on input line 1353.
Package xcolor Info: Model `RGB' extended on input line 1365.
Package xcolor Info: Model `HTML' substituted by `rgb' on input line 1367.
Package xcolor Info: Model `Hsb' substituted by `hsb' on input line 1368.
Package xcolor Info: Model `tHsb' substituted by `hsb' on input line 1369.
Package xcolor Info: Model `HSB' substituted by `hsb' on input line 1370.
Package xcolor Info: Model `Gray' substituted by `gray' on input line 1371.
Package xcolor Info: Model `wave' substituted by `hsb' on input line 1372.
)
(/usr/local/texlive/2025/texmf-dist/tex/latex/luacolor/luacolor.sty
Package: luacolor 2023-08-18 v1.18 Color support via LuaTeX's attributes (HO)
Inserting `luacolor.process' in `pre_shipout_filter'.
\LuaCol@Attribute=\attribute4
)
(/usr/local/texlive/2025/texmf-dist/tex/latex/kvoptions/kvoptions.sty
Package: kvoptions 2022-06-15 v3.15 Key value format for package options (HO)

(/usr/local/texlive/2025/texmf-dist/tex/latex/graphics/keyval.sty
Package: keyval 2022/05/29 v1.15 key=value parser (DPC)
\KV@toks@=\toks17
)
(/usr/local/texlive/2025/texmf-dist/tex/generic/ltxcmds/ltxcmds.sty
Package: ltxcmds 2023-12-04 v1.26 LaTeX kernel commands for general use (HO)
)
(/usr/local/texlive/2025/texmf-dist/tex/latex/kvsetkeys/kvsetkeys.sty
Package: kvsetkeys 2022-10-05 v1.19 Key value parser (HO)
))
(/usr/local/texlive/2025/texmf-dist/tex/latex/graphics/graphicx.sty
Package: graphicx 2024/12/31 v1.2e Enhanced LaTeX Graphics (DPC,SPQR)

(/usr/local/texlive/2025/texmf-dist/tex/latex/graphics/graphics.sty
Package: graphics 2024/08/06 v1.4g Standard LaTeX Graphics (DPC,SPQR)

(/usr/local/texlive/2025/texmf-dist/tex/latex/graphics/trig.sty
Package: trig 2023/12/02 v1.11 sin cos tan (DPC)
)
(/usr/local/texlive/2025/texmf-dist/tex/latex/graphics-cfg/graphics.cfg
File: graphics.cfg 2016/06/04 v1.11 sample graphics configuration
)
Package graphics Info: Driver file: luatex.def on input line 106.
)
\Gin@req@height=\dimen151
\Gin@req@width=\dimen152
)
(/usr/local/texlive/2025/texmf-dist/tex/luatex/luatexbase/luatexbase.sty
Package: luatexbase 2015/10/04 v1.3 luatexbase interface to LuaTeX 

(/usr/local/texlive/2025/texmf-dist/tex/luatex/ctablestack/ctablestack.sty
Package: ctablestack 2015/10/01 v1.0 Catcode table stable support
\@catcodetablestackcnt=\count293
)
\CatcodeTableOther=\catcodetable14
\CatcodeTableExpl=\catcodetable15
)
(/usr/local/texlive/2025/texmf-dist/tex/luatex/luamplib/luamplib.sty
Package: luamplib 2025/12/30 v2.38.1 mplib package for LuaTeX
Lua module: luamplib 2025/12/30 v2.38.1 Lua package to typeset Metapost with Lua
TeX's MPLib.
\luamplibcctabexplat=\catcodetable16
\mplibtmptoks=\toks18
\mplibscratchbox=\box53
)
(/usr/local/texlive/2025/texmf-dist/tex/generic/xstring/xstring.sty
(/usr/local/texlive/2025/texmf-dist/tex/generic/xstring/xstring.tex
\xs_counta=\count294
\xs_countb=\count295
)
Package: xstring 2023/08/22 v1.86 String manipulations (CT)
)
(/usr/local/texlive/2025/texmf-dist/tex/luatex/gregoriotex/gregoriotex-main.tex

(/usr/local/texlive/2025/texmf-dist/tex/luatex/gregoriotex/gregoriotex-common.t
ex
\gre@count@parsecommas@cur=\count296
)
\gre@attr@part=\attribute5
\gre@attr@dash=\attribute6
\gre@attr@center=\attribute7
\GreScoreId=\attribute8
\gre@attr@glyph@id=\attribute9
\gre@attr@glyph@top=\attribute10
\gre@attr@glyph@bottom=\attribute11
\gre@attr@syllable@id=\attribute12
\gre@attr@alteration@id=\attribute13
\gre@attr@alteration@pitch=\attribute14
\gre@attr@alteration@type=\attribute15
\gre@atletter=\catcodetable17
Lua module: gregoriotex 2025/02/28 v6.1.0 GregorioTeX module.
Custom whatsit marker = 1
Module gregoriotex Info: marker whatsit id is 1 on input line 141

(matins.gaux)
Module gregoriotex Info: Reading matins.gaux on input line 145
Inserting `gregoriotex.write_greaux' in `finish_pdffile'.
\gre@gaux=\write3
\gre@read@temp=\read2
\gre@factor=\count297

(/usr/local/texlive/2025/texmf-dist/tex/luatex/gregoriotex/gregoriotex-spaces.t
ex
\gre@saved@prescore@hyphenpenalty=\count298
\gre@saved@prescore@exhyphenpenalty=\count299
\gre@saved@prescore@exhyphenchar=\count300
\gre@saved@prescore@doublehyphendemerits=\count301
\gre@saved@prescore@finalhyphendemerits=\count302
\gre@saved@prescore@brokenpenalty=\count303
\gre@saved@prescore@looseness=\count304
\gre@saved@prescore@tolerance=\count305
\gre@saved@prescore@pretolerance=\count306
\gre@saved@prescore@emergencystretch=\skip51
\gre@saved@prescore@widowpenalty=\count307
\gre@saved@prescore@clubpenalty=\count308
\gre@saved@prescore@parskip=\skip52
\gre@saved@prescore@lineskip=\skip53
\gre@saved@prescore@baselineskip=\skip54
\gre@saved@prescore@lineskiplimit=\skip55
\gre@dimen@textlower=\dimen153
\gre@dimen@stafflinewidth=\dimen154
\gre@dimen@linewidth=\dimen155
\gre@dimen@stafflineheight=\dimen156
\gre@dimen@interstafflinespace=\dimen157
\gre@dimen@stafflinediff=\dimen158
\gre@dimen@constantglyphraise=\dimen159
\gre@dimen@staffheight=\dimen160
\gre@skip@syllablefinalskip=\skip56
\gre@skip@minTextDistance=\skip57
\gre@skip@minNotesDistance=\skip58
\gre@dimen@curTextDistance=\dimen161
\gre@dimen@curNotesDistance=\dimen162
\gre@skip@minShiftText=\skip59
\gre@skip@minShiftNotes=\skip60
\gre@dimen@bolshift=\dimen163
\gre@dimen@bolextra=\dimen164
\gre@dimen@clefwidth@current=\dimen165
\gre@dimen@clefwidth@largest=\dimen166
\gre@dimen@clefwidth@bol=\dimen167
\gre@dimen@eolshift=\dimen168
\gre@dimen@glyphraisevalue=\dimen169
\gre@dimen@additionalbottomspace=\dimen170
\gre@dimen@additionaltopspace=\dimen171
\gre@dimen@additionaltopspacealt=\dimen172
\gre@dimen@additionaltopspacenabc=\dimen173
\gre@space@count@additionaltopspacethreshold=\count309
\gre@space@count@additionaltopspacealtthreshold=\count310
\gre@space@count@additionaltopspacenabcthreshold=\count311
\gre@space@count@noteadditionalspacelinestextthreshold=\count312
\gre@saved@prediscretionary@dimen@additionalbottomspace=\dimen174
\gre@saved@prediscretionary@dimen@additionaltopspace=\dimen175
\gre@saved@prediscretionary@dimen@additionaltopspacealt=\dimen176
\gre@saved@prediscretionary@dimen@additionaltopspacenabc=\dimen177
\gre@saved@prediscretionary@dimen@currenttranslationheight=\dimen178
\gre@saved@prediscretionary@dimen@textlower=\dimen179
\gre@saved@prediscretionary@dimen@currentabovelinestextheight=\dimen180
\gre@saved@prediscretionary@dimen@constantglyphraise=\dimen181
\gre@dimen@textaligncenter=\dimen182
\gre@dimen@enddifference=\dimen183
\gre@dimen@previousenddifference=\dimen184
\gre@dimen@currenttranslationheight=\dimen185
\gre@skip@nextbegindifference=\skip61
\gre@dimen@annotationtrueraise=\dimen186
\gre@dimen@commentarytrueraise=\dimen187
\gre@skip@bar@requirement=\skip62
\gre@skip@bar@allocation=\skip63
\gre@dimen@bar@shift=\dimen188
\gre@skip@text@requirement=\skip64
\gre@skip@text@allocation=\skip65
\gre@dimen@text@shift=\dimen189
\gre@dimen@adjustedpreviousenddifference=\dimen190
\gre@skip@adjustednextbegindifference=\dimen191
\gre@skip@punctummorashift=\skip66
\gre@skip@alterationshift=\skip67
\gre@dimen@begindifference=\dimen192
\gre@dimen@lastglyphwidth=\dimen193
\gre@dimen@notesaligncenter=\dimen194
\gre@dimen@initialwidth=\dimen195
\gre@dimen@currentabovelinestextheight=\dimen196
\gre@dimen@temp@one=\dimen197
\gre@dimen@temp@two=\dimen198
\gre@dimen@temp@three=\dimen199
\gre@dimen@temp@four=\dimen256
\gre@dimen@temp@five=\dimen257
\gre@skip@temp@one=\skip68
\gre@skip@temp@two=\skip69
\gre@skip@temp@three=\skip70
\gre@skip@temp@four=\skip71
\gre@count@temp@one=\count313
\gre@count@temp@two=\count314
\gre@count@temp@three=\count315
\gre@space@count@newlinepenalty=\count316
\gre@space@count@nobreakpenalty=\count317
\gre@space@count@endofwordpenalty=\count318
\gre@space@count@endofsyllablepenalty=\count319
\gre@space@count@endafterbarpenalty=\count320
\gre@space@count@endafterbaraltpenalty=\count321
\gre@space@count@finalpenalty=\count322
\gre@space@count@endofelementpenalty=\count323
\gre@space@count@hyphenpenalty=\count324
\gre@space@count@brokenpenalty=\count325
\gre@space@count@looseness=\count326
\gre@space@count@tolerance=\count327
\gre@space@count@pretolerance=\count328
\gre@space@count@widowpenalty=\count329
\gre@space@count@clubpenalty=\count330
\greconffactor=\count331
)
\gre@box@temp@width=\box54
\gre@box@initial=\box55
\gre@count@initialposition=\count332
\gre@count@initialanchor=\count333
\gre@box@annotation=\box56
\gre@box@add=\box57
\gre@box@old=\box58
\gre@count@annotationvalign=\count334
\gre@box@commentary=\box59
\gre@box@lines=\box60
Module gregoriotex Info: Registering variant font greciliae as gre@font@variant@
A. on input line 865
Module gregoriotex Info: Registering variant font greciliae-hollow as gre@font@v
ariant@B. on input line 865
Module gregoriotex Info: Registering variant font greciliae-hole as gre@font@var
iant@C. on input line 865
Module gregoriotex Info: Mapping font greciliae on input line 870
Module gregoriotex Info: Mapping font greciliae-hollow on input line 870
Module gregoriotex Info: Mapping font greciliae-hole on input line 870

(/usr/local/texlive/2025/texmf-dist/tex/luatex/gregoriotex/gregoriotex-chars.te
x
\gre@box@hep=\box61
)
(/usr/local/texlive/2025/texmf-dist/tex/luatex/gregoriotex/gregoriotex-signs.te
x
\gre@box@temp@clef=\box62
\gre@box@temp@cleftwo=\box63
\greslurheight=\dimen258
\gre@box@temp@sign=\box64
\gre@count@shiftaftermora=\count335
\gre@dimen@morawidth=\dimen259
\gre@skip@bar@lastskip=\skip72
\gre@count@lastglyphiscavum=\count336
)
(/usr/local/texlive/2025/texmf-dist/tex/luatex/gregoriotex/gregoriotex-syllable
.tex
\gre@generate@pointandclick=\count337
\gre@box@syllablenotes=\box65
\gre@box@syllabletext=\box66
\gre@clivisalignment=\count338
\gre@count@unbreakabletotalnotes=\count339
\gre@count@unbreakableinitialnotes=\count340
\gre@count@unbreakablefinalnotes=\count341
\gre@count@syllablenotes=\count342
\gre@count@initiallines=\count343
)
\gre@variableheightexpansion=\count344
\gre@count@stafflines=\count345
\gre@lastoflinecount=\count346
\gre@saved@prenlba@nobreakpenalty=\count347
\gre@saved@prenlba@endofwordpenalty=\count348
\gre@saved@prenlba@endofsyllablepenalty=\count349
\gre@saved@prenlba@endafterbarpenalty=\count350
\gre@saved@prenlba@endafterbaraltpenalty=\count351
\gre@saved@prenlba@endofelementpenalty=\count352
\gre@saved@prenlba@hyphenpenalty=\count353
\gre@lasteuouaeindex=\count354

(/usr/local/texlive/2025/texmf-dist/tex/luatex/gregoriotex/gregoriotex-symbols.
tex
Module gregoriotex Info: Registering variant font greextra as gre@font@variant@D
. on input line 53
)
\gre@dimen@stafflinethicknessbase=\dimen260
\gre@dimen@glyphraisebase=\dimen261
\gre@dimen@interstafflinedistancebase=\dimen262
\gre@dimen@inclinatumonlinemoravshiftbase=\dimen263
\gre@dimen@inclinatumonlinemorahshiftbase=\dimen264
\gre@dimen@inclinatumofflinemorahshiftbase=\dimen265

(/usr/local/texlive/2025/texmf-dist/tex/luatex/gregoriotex/gregoriotex-gsp-defa
ult.tex)
(/usr/local/texlive/2025/texmf-dist/tex/luatex/gregoriotex/gregoriotex-nabc.tex
))) (/usr/local/texlive/2025/texmf-dist/tex/latex/tools/multicol.sty
Package: multicol 2025/10/21 v2.0b multicolumn formatting (FMi)
\c@tracingmulticols=\count355
\mult@box=\box67
\multicol@leftmargin=\dimen266
\c@unbalance=\count356
\c@collectmore=\count357
\doublecol@number=\count358
\multicoltolerance=\count359
\multicolpretolerance=\count360
\full@width=\dimen267
\page@free=\dimen268
\premulticols=\dimen269
\postmulticols=\dimen270
\multicolsep=\skip73
\multicolbaselineskip=\skip74
\partial@page=\box68
\last@line=\box69
\mc@boxedresult=\box70
\maxbalancingoverflow=\dimen271
\mult@rightbox=\box71
\mult@grightbox=\box72
\mult@firstbox=\box73
\mult@gfirstbox=\box74
\@tempa=\box75
\@tempa=\box76
\@tempa=\box77
\@tempa=\box78
\@tempa=\box79
\@tempa=\box80
\@tempa=\box81
\@tempa=\box82
\@tempa=\box83
\@tempa=\box84
\@tempa=\box85
\@tempa=\box86
\@tempa=\box87
\@tempa=\box88
\@tempa=\box89
\@tempa=\box90
\@tempa=\box91
\@tempa=\box92
\@tempa=\box93
\@tempa=\box94
\@tempa=\box95
\@tempa=\box96
\@tempa=\box97
\@tempa=\box98
\@tempa=\box99
\@tempa=\box100
\@tempa=\box101
\@tempa=\box102
\@tempa=\box103
\@tempa=\box104
\@tempa=\box105
\@tempa=\box106
\@tempa=\box107
\@tempa=\box108
\@tempa=\box109
\@tempa=\box110
\c@minrows=\count361
\c@columnbadness=\count362
\c@finalcolumnbadness=\count363
\last@try=\dimen272
\multicolovershoot=\dimen273
\multicolundershoot=\dimen274
\mult@nat@firstbox=\box111
\colbreak@box=\box112
\mc@col@check@num=\count364
\g__mc_curr_col_int=\count365
)
(/usr/local/texlive/2025/texmf-dist/tex/latex/lettrine/lettrine.sty
File: lettrine.sty 2025-12-06 v2.83 (Daniel Flipo)
\c@DefaultLines=\count366
\c@DefaultDepth=\count367
\DefaultFindent=\dimen275
\DefaultNindent=\dimen276
\DefaultSlope=\dimen277
\DiscardVskip=\dimen278
\L@lbox=\box113
\c@L@lines=\count368
\c@L@depth=\count369
\L@Pindent=\dimen279
\L@Findent=\dimen280
\L@Nindent=\dimen281
\L@lraise=\dimen282
\L@first=\dimen283
\L@next=\dimen284
\L@slope=\dimen285
\L@height=\dimen286
\L@novskip=\dimen287
\L@target@ht=\dimen288
\L@target@dp=\dimen289
\L@target@tht=\dimen290
\LettrineWidth=\dimen291
\LettrineHeight=\dimen292
\LettrineDepth=\dimen293
\L@finalht=\dimen294
\L@finaldp=\dimen295

Loading lettrine.cfg
(/usr/local/texlive/2025/texmf-dist/tex/latex/lettrine/lettrine.cfg)
\Lettrine@tweaks=\toks19
\Llist@everypar=\toks20
)
(./matins.aux)
\openout1 = matins.aux

LaTeX Font Info:    Checking defaults for OML/cmm/m/it on input line 17.
LaTeX Font Info:    ... okay on input line 17.
LaTeX Font Info:    Checking defaults for OMS/cmsy/m/n on input line 17.
LaTeX Font Info:    ... okay on input line 17.
LaTeX Font Info:    Checking defaults for OT1/cmr/m/n on input line 17.
LaTeX Font Info:    ... okay on input line 17.
LaTeX Font Info:    Checking defaults for T1/cmr/m/n on input line 17.
LaTeX Font Info:    ... okay on input line 17.
LaTeX Font Info:    Checking defaults for TS1/cmr/m/n on input line 17.
LaTeX Font Info:    ... okay on input line 17.
LaTeX Font Info:    Checking defaults for TU/lmr/m/n on input line 17.
LaTeX Font Info:    ... okay on input line 17.
LaTeX Font Info:    Checking defaults for OMX/cmex/m/n on input line 17.
LaTeX Font Info:    ... okay on input line 17.
LaTeX Font Info:    Checking defaults for U/cmr/m/n on input line 17.
LaTeX Font Info:    ... okay on input line 17.

Package fontspec Info: 
(fontspec)             Adjusting the maths setup (use [no-math] to avoid
(fontspec)             this).

\symlegacymaths=\mathgroup4
LaTeX Font Info:    Overwriting symbol font `legacymaths' in version `bold'
(Font)                  OT1/cmr/m/n --> OT1/cmr/bx/n on input line 17.
LaTeX Font Info:    Redeclaring math accent \acute on input line 17.
LaTeX Font Info:    Redeclaring math accent \grave on input line 17.
LaTeX Font Info:    Redeclaring math accent \ddot on input line 17.
LaTeX Font Info:    Redeclaring math accent \tilde on input line 17.
LaTeX Font Info:    Redeclaring math accent \bar on input line 17.
LaTeX Font Info:    Redeclaring math accent \breve on input line 17.
LaTeX Font Info:    Redeclaring math accent \check on input line 17.
LaTeX Font Info:    Redeclaring math accent \hat on input line 17.
LaTeX Font Info:    Redeclaring math accent \dot on input line 17.
LaTeX Font Info:    Redeclaring math accent \mathring on input line 17.
LaTeX Font Info:    Redeclaring math symbol \colon on input line 17.
LaTeX Font Info:    Redeclaring math symbol \Gamma on input line 17.
LaTeX Font Info:    Redeclaring math symbol \Delta on input line 17.
LaTeX Font Info:    Redeclaring math symbol \Theta on input line 17.
LaTeX Font Info:    Redeclaring math symbol \Lambda on input line 17.
LaTeX Font Info:    Redeclaring math symbol \Xi on input line 17.
LaTeX Font Info:    Redeclaring math symbol \Pi on input line 17.
LaTeX Font Info:    Redeclaring math symbol \Sigma on input line 17.
LaTeX Font Info:    Redeclaring math symbol \Upsilon on input line 17.
LaTeX Font Info:    Redeclaring math symbol \Phi on input line 17.
LaTeX Font Info:    Redeclaring math symbol \Psi on input line 17.
LaTeX Font Info:    Redeclaring math symbol \Omega on input line 17.
LaTeX Font Info:    Redeclaring math symbol \mathdollar on input line 17.
LaTeX Font Info:    Redeclaring symbol font `operators' on input line 17.
LaTeX Font Info:    Encoding `OT1' has changed to `TU' for symbol font
(Font)              `operators' in the math version `normal' on input line 17.
LaTeX Font Info:    Overwriting symbol font `operators' in version `normal'
(Font)                  OT1/cmr/m/n --> TU/PlantinMTPro(0)/m/n on input line 17
.
LaTeX Font Info:    Encoding `OT1' has changed to `TU' for symbol font
(Font)              `operators' in the math version `bold' on input line 17.
LaTeX Font Info:    Overwriting symbol font `operators' in version `bold'
(Font)                  OT1/cmr/bx/n --> TU/PlantinMTPro(0)/m/n on input line 1
7.
LaTeX Font Info:    Overwriting symbol font `operators' in version `normal'
(Font)                  TU/PlantinMTPro(0)/m/n --> TU/PlantinMTPro(0)/m/n on in
put line 17.
LaTeX Font Info:    Overwriting math alphabet `\mathit' in version `normal'
(Font)                  OT1/cmr/m/it --> TU/PlantinMTPro(0)/m/it on input line 
17.
LaTeX Font Info:    Overwriting math alphabet `\mathbf' in version `normal'
(Font)                  OT1/cmr/bx/n --> TU/PlantinMTPro(0)/b/n on input line 1
7.
LaTeX Font Info:    Overwriting math alphabet `\mathsf' in version `normal'
(Font)                  OT1/cmss/m/n --> TU/lmss/m/n on input line 17.
LaTeX Font Info:    Overwriting math alphabet `\mathtt' in version `normal'
(Font)                  OT1/cmtt/m/n --> TU/lmtt/m/n on input line 17.
LaTeX Font Info:    Overwriting symbol font `operators' in version `bold'
(Font)                  TU/PlantinMTPro(0)/m/n --> TU/PlantinMTPro(0)/b/n on in
put line 17.
LaTeX Font Info:    Overwriting math alphabet `\mathit' in version `bold'
(Font)                  OT1/cmr/bx/it --> TU/PlantinMTPro(0)/b/it on input line
 17.
LaTeX Font Info:    Overwriting math alphabet `\mathsf' in version `bold'
(Font)                  OT1/cmss/bx/n --> TU/lmss/b/n on input line 17.
LaTeX Font Info:    Overwriting math alphabet `\mathtt' in version `bold'
(Font)                  OT1/cmtt/m/n --> TU/lmtt/b/n on input line 17.

(/usr/local/texlive/2025/texmf-dist/tex/context/base/mkii/supp-pdf.mkii
[Loading MPS to PDF converter (version 2006.09.02).]
\scratchcounter=\count370
\scratchdimen=\dimen296
\scratchbox=\box114
\nofMPsegments=\count371
\nofMParguments=\count372
\everyMPshowfont=\toks21
\MPscratchCnt=\count373
\MPscratchDim=\dimen297
\MPnumerator=\count374
\makeMPintoPDFobject=\count375
\everyMPtoPDFconversion=\toks22
) (/usr/local/texlive/2025/texmf-dist/tex/latex/epstopdf-pkg/epstopdf-base.sty
Package: epstopdf-base 2020-01-24 v2.11 Base part for package epstopdf
Package epstopdf-base Info: Redefining graphics rule for `.eps' on input line 4
85.

(/usr/local/texlive/2025/texmf-dist/tex/latex/latexconfig/epstopdf-sys.cfg
File: epstopdf-sys.cfg 2010/07/13 v1.3 Configuration of (r)epstopdf for TeX Liv
e
))
Module gregoriotex Info: Looking in  on input line 26
Module gregoriotex Info: Found gabc/domine.gabc directly on input line 26
Module gregoriotex Info: Output directory: tmp-gre/gabc/ on input line 26

(./tmp-gre/gabc/domine-6_1_0.gtex
Removing  `luaotfload.harf.finalize_vlist' from `post_linebreak_filter'.
Inserting `gregoriotex.post_linebreak' in `post_linebreak_filter'.
Inserting `luaotfload.harf.finalize_vlist' in `post_linebreak_filter'.
Inserting `gregoriotex.disable_hyphenation' in `hyphenate'.
Removing  `gregoriotex.post_linebreak' from `post_linebreak_filter'.
Removing  `gregoriotex.disable_hyphenation' from `hyphenate'.)
Module gregoriotex Info: Looking in  on input line 31
Module gregoriotex Info: Found gabc/inv.gabc directly on input line 31
Module gregoriotex Info: Output directory: tmp-gre/gabc/ on input line 31
 (./tmp-gre/gabc/inv-6_1_0.gtex
Removing  `luaotfload.harf.finalize_vlist' from `post_linebreak_filter'.
Inserting `gregoriotex.post_linebreak' in `post_linebreak_filter'.
Inserting `luaotfload.harf.finalize_vlist' in `post_linebreak_filter'.
Inserting `gregoriotex.disable_hyphenation' in `hyphenate'.
Missing character: There is no - (U+002D) in font nullfont!
Missing character: There is no - (U+002D) in font nullfont!
Missing character: There is no - (U+002D) in font nullfont!
[1

{/usr/local/texlive/2025/texmf-var/fonts/map/pdftex/updmap/pdftex.map}]
[2] [3] [4]
Removing  `gregoriotex.post_linebreak' from `post_linebreak_filter'.
Removing  `gregoriotex.disable_hyphenation' from `hyphenate'.)
Module gregoriotex Info: Looking in  on input line 36
Module gregoriotex Info: Found gabc/hymn.gabc directly on input line 36
Module gregoriotex Info: Output directory: tmp-gre/gabc/ on input line 36
Module gregoriotex Info: gabc/hymn.gabc has been modified and tmp-gre/gabc/hymn-
6_1_0.gtex needs to be updated. Recompiling the gabc file on input line 36
Module gregoriotex Info: Deleting old file tmp-gre/gabc/hymn-6_1_0.gtex on input
 line 36
Module gregoriotex Info: Deleting old file tmp-gre/gabc/hymn-6_1_0.glog on input
 line 36
Module gregoriotex Info: compiling the score gabc/hymn.gabc... on input line 36
Module gregoriotex Info: will use gregorio on input line 36
Module gregoriotex Info: running: gregorio -W -o tmp-gre/gabc/hymn-6_1_0.gtex -l
 tmp-gre/gabc/hymn-6_1_0.glog gabc/hymn.gabc on input line 36
 (./tmp-gre/gabc/hymn-6_1_0.gtex
Removing  `luaotfload.harf.finalize_vlist' from `post_linebreak_filter'.
Inserting `gregoriotex.post_linebreak' in `post_linebreak_filter'.
Inserting `luaotfload.harf.finalize_vlist' in `post_linebreak_filter'.
Inserting `gregoriotex.disable_hyphenation' in `hyphenate'.

LaTeX Font Warning: Font shape `TU/PlantinMTPro(0)/b/sc' undefined
(Font)              using `TU/PlantinMTPro(0)/b/n' instead on input line 10.

Missing character: There is no - (U+002D) in font nullfont!
[5]
Removing  `gregoriotex.post_linebreak' from `post_linebreak_filter'.
Removing  `gregoriotex.disable_hyphenation' from `hyphenate'.)
Module gregoriotex Info: Looking in  on input line 42
Module gregoriotex Info: Found gabc/ant1.gabc directly on input line 42
Module gregoriotex Info: Output directory: tmp-gre/gabc/ on input line 42
 (./tmp-gre/gabc/ant1-6_1_0.gtex
Removing  `luaotfload.harf.finalize_vlist' from `post_linebreak_filter'.
Inserting `gregoriotex.post_linebreak' in `post_linebreak_filter'.
Inserting `luaotfload.harf.finalize_vlist' in `post_linebreak_filter'.
Inserting `gregoriotex.disable_hyphenation' in `hyphenate'.
Removing  `gregoriotex.post_linebreak' from `post_linebreak_filter'.
Removing  `gregoriotex.disable_hyphenation' from `hyphenate'.)
Package lettrine.sty Info: Targeted height = 19.09691pt
(lettrine.sty)             (for loversize=0, accent excluded),
(lettrine.sty)             Lettrine height = 19.09694pt (B);
(lettrine.sty)             reported on input line 49.

Underfull \hbox (badness 10000) in paragraph at lines 53--54
\TU/PlantinMTPro(0)/m/n/10.95 plan-tá-tum est se-cus decúr-sus
 []

[6]
Module gregoriotex Info: Looking in  on input line 68
Module gregoriotex Info: Found gabc/ant1.gabc directly on input line 68
Module gregoriotex Info: Output directory: tmp-gre/gabc/ on input line 68
 (./tmp-gre/gabc/ant1-6_1_0.gtex
Removing  `luaotfload.harf.finalize_vlist' from `post_linebreak_filter'.
Inserting `gregoriotex.post_linebreak' in `post_linebreak_filter'.
Inserting `luaotfload.harf.finalize_vlist' in `post_linebreak_filter'.
Inserting `gregoriotex.disable_hyphenation' in `hyphenate'.
Removing  `gregoriotex.post_linebreak' from `post_linebreak_filter'.
Removing  `gregoriotex.disable_hyphenation' from `hyphenate'.)
Module gregoriotex Info: Looking in  on input line 70
Module gregoriotex Info: Found gabc/ant2.gabc directly on input line 70
Module gregoriotex Info: Output directory: tmp-gre/gabc/ on input line 70
 (./tmp-gre/gabc/ant2-6_1_0.gtex
Removing  `luaotfload.harf.finalize_vlist' from `post_linebreak_filter'.
Inserting `gregoriotex.post_linebreak' in `post_linebreak_filter'.
Inserting `luaotfload.harf.finalize_vlist' in `post_linebreak_filter'.
Inserting `gregoriotex.disable_hyphenation' in `hyphenate'.
Removing  `gregoriotex.post_linebreak' from `post_linebreak_filter'.
Removing  `gregoriotex.disable_hyphenation' from `hyphenate'.)
Package lettrine.sty Info: Targeted height = 19.09691pt
(lettrine.sty)             (for loversize=0, accent excluded),
(lettrine.sty)             Lettrine height = 19.43295pt (Q);
(lettrine.sty)             reported on input line 77.

Underfull \hbox (badness 10000) in paragraph at lines 79--80
[]\TU/PlantinMTPro(0)/m/n/10.95 Astitérunt reges terræ, et
 []


Underfull \hbox (badness 10000) in paragraph at lines 99--100
[]\TU/PlantinMTPro(0)/m/n/10.95 Ap-pre-hén-dite dis-ci-plí-nam,
 []

[7]
Module gregoriotex Info: Looking in  on input line 108
Module gregoriotex Info: Found gabc/ant2.gabc directly on input line 108
Module gregoriotex Info: Output directory: tmp-gre/gabc/ on input line 108
 (./tmp-gre/gabc/ant2-6_1_0.gtex
Removing  `luaotfload.harf.finalize_vlist' from `post_linebreak_filter'.
Inserting `gregoriotex.post_linebreak' in `post_linebreak_filter'.
Inserting `luaotfload.harf.finalize_vlist' in `post_linebreak_filter'.
Inserting `gregoriotex.disable_hyphenation' in `hyphenate'.
Removing  `gregoriotex.post_linebreak' from `post_linebreak_filter'.
Removing  `gregoriotex.disable_hyphenation' from `hyphenate'.)
Module gregoriotex Info: Looking in  on input line 110
Module gregoriotex Info: Found gabc/ant3.gabc directly on input line 110
Module gregoriotex Info: Output directory: tmp-gre/gabc/ on input line 110
 (./tmp-gre/gabc/ant3-6_1_0.gtex
Removing  `luaotfload.harf.finalize_vlist' from `post_linebreak_filter'.
Inserting `gregoriotex.post_linebreak' in `post_linebreak_filter'.
Inserting `luaotfload.harf.finalize_vlist' in `post_linebreak_filter'.
Inserting `gregoriotex.disable_hyphenation' in `hyphenate'.
Removing  `gregoriotex.post_linebreak' from `post_linebreak_filter'.
Removing  `gregoriotex.disable_hyphenation' from `hyphenate'.)
Package lettrine.sty Info: Targeted height = 19.09691pt
(lettrine.sty)             (for loversize=0, accent excluded),
(lettrine.sty)             Lettrine height = 19.09694pt (D);
(lettrine.sty)             reported on input line 117.
 [8]
Module gregoriotex Info: Looking in  on input line 138
Module gregoriotex Info: Found gabc/ant3.gabc directly on input line 138
Module gregoriotex Info: Output directory: tmp-gre/gabc/ on input line 138

(./tmp-gre/gabc/ant3-6_1_0.gtex
Removing  `luaotfload.harf.finalize_vlist' from `post_linebreak_filter'.
Inserting `gregoriotex.post_linebreak' in `post_linebreak_filter'.
Inserting `luaotfload.harf.finalize_vlist' in `post_linebreak_filter'.
Inserting `gregoriotex.disable_hyphenation' in `hyphenate'.
Removing  `gregoriotex.post_linebreak' from `post_linebreak_filter'.
Removing  `gregoriotex.disable_hyphenation' from `hyphenate'.)
Package lettrine.sty Info: Targeted height = 19.09691pt
(lettrine.sty)             (for loversize=0, accent excluded),
(lettrine.sty)             Lettrine height = 19.09694pt (V);
(lettrine.sty)             reported on input line 176.

Underfull \hbox (badness 5578) in paragraph at lines 176--177
[]\TU/PlantinMTPro(0)/m/sc/10.95  \TU/PlantinMTPro(0)/m/n/10.95 Jere
míæ fílii Hel-cíæ de
 []


Underfull \hbox (badness 10000) in paragraph at lines 176--177
\TU/PlantinMTPro(0)/m/n/10.95 sac-erdótibus qui fuérunt in
 []


Underfull \hbox (badness 6910) in paragraph at lines 176--177
\TU/PlantinMTPro(0)/m/n/10.95 mi-gratiónem Jerúsalem in mense
 []


Underfull \hbox (badness 5563) in paragraph at lines 176--177
\TU/PlantinMTPro(0)/m/n/10.95 quinto. Et fac-tum est ver-bum
 []

Module gregoriotex Info: Looking in  on input line 183
Module gregoriotex Info: Found gabc/res1.gabc directly on input line 183
Module gregoriotex Info: Output directory: tmp-gre/gabc/ on input line 183
(./tmp-gre/gabc/res1-6_1_0.gtex
Removing  `luaotfload.harf.finalize_vlist' from `post_linebreak_filter'.
Inserting `gregoriotex.post_linebreak' in `post_linebreak_filter'.
Inserting `luaotfload.harf.finalize_vlist' in `post_linebreak_filter'.
Inserting `gregoriotex.disable_hyphenation' in `hyphenate'.
Overfull \hbox (8.45567pt too wide) detected at line 199
|
 []

[9]
Removing  `gregoriotex.post_linebreak' from `post_linebreak_filter'.
Removing  `gregoriotex.disable_hyphenation' from `hyphenate'.)
Package lettrine.sty Info: Targeted height = 19.09691pt
(lettrine.sty)             (for loversize=0, accent excluded),
(lettrine.sty)             Lettrine height = 19.09694pt (E);
(lettrine.sty)             reported on input line 198.
Module gregoriotex Info: Looking in  on input line 205
Module gregoriotex Info: Found gabc/res2.gabc directly on input line 205
Module gregoriotex Info: Output directory: tmp-gre/gabc/ on input line 205
 (./tmp-gre/gabc/res2-6_1_0.gtex
Removing  `luaotfload.harf.finalize_vlist' from `post_linebreak_filter'.
Inserting `gregoriotex.post_linebreak' in `post_linebreak_filter'.
Inserting `luaotfload.harf.finalize_vlist' in `post_linebreak_filter'.
Inserting `gregoriotex.disable_hyphenation' in `hyphenate'. [10]
Removing  `gregoriotex.post_linebreak' from `post_linebreak_filter'.
Removing  `gregoriotex.disable_hyphenation' from `hyphenate'.)
Package lettrine.sty Info: Targeted height = 19.09691pt
(lettrine.sty)             (for loversize=0, accent excluded),
(lettrine.sty)             Lettrine height = 19.09694pt (T);
(lettrine.sty)             reported on input line 220.
Module gregoriotex Info: Looking in  on input line 227
Module gregoriotex Info: Found gabc/res3.gabc directly on input line 227
Module gregoriotex Info: Output directory: tmp-gre/gabc/ on input line 227
 (./tmp-gre/gabc/res3-6_1_0.gtex
Removing  `luaotfload.harf.finalize_vlist' from `post_linebreak_filter'.
Inserting `gregoriotex.post_linebreak' in `post_linebreak_filter'.
Inserting `luaotfload.harf.finalize_vlist' in `post_linebreak_filter'.
Inserting `gregoriotex.disable_hyphenation' in `hyphenate'.
Missing character: There is no - (U+002D) in font nullfont!
[11]
Removing  `gregoriotex.post_linebreak' from `post_linebreak_filter'.
Removing  `gregoriotex.disable_hyphenation' from `hyphenate'.)
Module gregoriotex Info: Looking in  on input line 233
Module gregoriotex Info: Found gabc/ant4.gabc directly on input line 233
Module gregoriotex Info: Output directory: tmp-gre/gabc/ on input line 233
 (./tmp-gre/gabc/ant4-6_1_0.gtex
Removing  `luaotfload.harf.finalize_vlist' from `post_linebreak_filter'.
Inserting `gregoriotex.post_linebreak' in `post_linebreak_filter'.
Inserting `luaotfload.harf.finalize_vlist' in `post_linebreak_filter'.
Inserting `gregoriotex.disable_hyphenation' in `hyphenate'.
Removing  `gregoriotex.post_linebreak' from `post_linebreak_filter'.
Removing  `gregoriotex.disable_hyphenation' from `hyphenate'.)
Package lettrine.sty Info: Targeted height = 19.09691pt
(lettrine.sty)             (for loversize=0, accent excluded),
(lettrine.sty)             Lettrine height = 19.43295pt (C);
(lettrine.sty)             reported on input line 240.

Underfull \hbox (badness 10000) in paragraph at lines 240--241
[]\TU/PlantinMTPro(0)/m/sc/10.95  \TU/PlantinMTPro(0)/m/n/10.95 in-vocáre
m ex-audívit me
 []


Underfull \hbox (badness 10000) in paragraph at lines 242--243
[]\TU/PlantinMTPro(0)/m/n/10.95 Mis-erére mei, * et exáudi
 []

[12]
Underfull \hbox (badness 10000) in paragraph at lines 258--259
[]\TU/PlantinMTPro(0)/m/n/10.95 Quó-niam tu, Dómine, sin-
 []

Module gregoriotex Info: Looking in  on input line 265
Module gregoriotex Info: Found gabc/ant4.gabc directly on input line 265
Module gregoriotex Info: Output directory: tmp-gre/gabc/ on input line 265
(./tmp-gre/gabc/ant4-6_1_0.gtex
Removing  `luaotfload.harf.finalize_vlist' from `post_linebreak_filter'.
Inserting `gregoriotex.post_linebreak' in `post_linebreak_filter'.
Inserting `luaotfload.harf.finalize_vlist' in `post_linebreak_filter'.
Inserting `gregoriotex.disable_hyphenation' in `hyphenate'.
Removing  `gregoriotex.post_linebreak' from `post_linebreak_filter'.
Removing  `gregoriotex.disable_hyphenation' from `hyphenate'.)
Module gregoriotex Info: Looking in  on input line 267
Module gregoriotex Info: Found gabc/ant5.gabc directly on input line 267
Module gregoriotex Info: Output directory: tmp-gre/gabc/ on input line 267
 (./tmp-gre/gabc/ant5-6_1_0.gtex
Removing  `luaotfload.harf.finalize_vlist' from `post_linebreak_filter'.
Inserting `gregoriotex.post_linebreak' in `post_linebreak_filter'.
Inserting `luaotfload.harf.finalize_vlist' in `post_linebreak_filter'.
Inserting `gregoriotex.disable_hyphenation' in `hyphenate'.
Removing  `gregoriotex.post_linebreak' from `post_linebreak_filter'.
Removing  `gregoriotex.disable_hyphenation' from `hyphenate'.)
Package lettrine.sty Info: Targeted height = 19.09691pt
(lettrine.sty)             (for loversize=0, accent excluded),
(lettrine.sty)             Lettrine height = 19.09694pt (V);
(lettrine.sty)             reported on input line 274.

Underfull \hbox (badness 10000) in paragraph at lines 274--275
[]\TU/PlantinMTPro(0)/m/sc/10.95  \TU/PlantinMTPro(0)/m/n/10.95 mea 
áuribus pércipe,
 []


Underfull \hbox (badness 10000) in paragraph at lines 282--283
[]\TU/PlantinMTPro(0)/m/n/10.95 Neque habitábit juxta te
 []


Underfull \hbox (badness 10000) in paragraph at lines 294--295
[]\TU/PlantinMTPro(0)/m/n/10.95 Sepúl-crum patens est gut-tur
 []

[13]
Module gregoriotex Info: Looking in  on input line 309
Module gregoriotex Info: Found gabc/ant5.gabc directly on input line 309
Module gregoriotex Info: Output directory: tmp-gre/gabc/ on input line 309
 (./tmp-gre/gabc/ant5-6_1_0.gtex
Removing  `luaotfload.harf.finalize_vlist' from `post_linebreak_filter'.
Inserting `gregoriotex.post_linebreak' in `post_linebreak_filter'.
Inserting `luaotfload.harf.finalize_vlist' in `post_linebreak_filter'.
Inserting `gregoriotex.disable_hyphenation' in `hyphenate'.
Removing  `gregoriotex.post_linebreak' from `post_linebreak_filter'.
Removing  `gregoriotex.disable_hyphenation' from `hyphenate'.)
Module gregoriotex Info: Looking in  on input line 311
Module gregoriotex Info: Found gabc/ant6.gabc directly on input line 311
Module gregoriotex Info: Output directory: tmp-gre/gabc/ on input line 311
 (./tmp-gre/gabc/ant6-6_1_0.gtex
Removing  `luaotfload.harf.finalize_vlist' from `post_linebreak_filter'.
Inserting `gregoriotex.post_linebreak' in `post_linebreak_filter'.
Inserting `luaotfload.harf.finalize_vlist' in `post_linebreak_filter'.
Inserting `gregoriotex.disable_hyphenation' in `hyphenate'.
Removing  `gregoriotex.post_linebreak' from `post_linebreak_filter'.
Removing  `gregoriotex.disable_hyphenation' from `hyphenate'.)
Package lettrine.sty Info: Targeted height = 19.09691pt
(lettrine.sty)             (for loversize=0, accent excluded),
(lettrine.sty)             Lettrine height = 19.09694pt (D);
(lettrine.sty)             reported on input line 318.

Underfull \hbox (badness 10000) in paragraph at lines 324--325
[]\TU/PlantinMTPro(0)/m/n/10.95 Quó-niam vidébo cæ-los tuos,
 []


Underfull \hbox (badness 6428) in paragraph at lines 330--331
[]\TU/PlantinMTPro(0)/m/n/10.95 Óm-nia sub-jecísti sub pédibus
 []

[14]
Module gregoriotex Info: Looking in  on input line 340
Module gregoriotex Info: Found gabc/ant6.gabc directly on input line 340
Module gregoriotex Info: Output directory: tmp-gre/gabc/ on input line 340
 (./tmp-gre/gabc/ant6-6_1_0.gtex
Removing  `luaotfload.harf.finalize_vlist' from `post_linebreak_filter'.
Inserting `gregoriotex.post_linebreak' in `post_linebreak_filter'.
Inserting `luaotfload.harf.finalize_vlist' in `post_linebreak_filter'.
Inserting `gregoriotex.disable_hyphenation' in `hyphenate'.
Removing  `gregoriotex.post_linebreak' from `post_linebreak_filter'.
Removing  `gregoriotex.disable_hyphenation' from `hyphenate'.)
Package lettrine.sty Info: Targeted height = 19.09691pt
(lettrine.sty)             (for loversize=0, accent excluded),
(lettrine.sty)             Lettrine height = 19.09694pt (P);
(lettrine.sty)             reported on input line 378.
 [15]
Module gregoriotex Info: Looking in  on input line 385
Module gregoriotex Info: Found gabc/res4.gabc directly on input line 385
Module gregoriotex Info: Output directory: tmp-gre/gabc/ on input line 385
 (./tmp-gre/gabc/res4-6_1_0.gtex
Removing  `luaotfload.harf.finalize_vlist' from `post_linebreak_filter'.
Inserting `gregoriotex.post_linebreak' in `post_linebreak_filter'.
Inserting `luaotfload.harf.finalize_vlist' in `post_linebreak_filter'.
Inserting `gregoriotex.disable_hyphenation' in `hyphenate'.
Overfull \hbox (8.45567pt too wide) detected at line 199
|
 []

Removing  `gregoriotex.post_linebreak' from `post_linebreak_filter'.
Removing  `gregoriotex.disable_hyphenation' from `hyphenate'.)
Package lettrine.sty Info: Targeted height = 19.09691pt
(lettrine.sty)             (for loversize=0, accent excluded),
(lettrine.sty)             Lettrine height = 19.43295pt (Q);
(lettrine.sty)             reported on input line 402.

Underfull \hbox (badness 10000) in paragraph at lines 402--403
[]\TU/PlantinMTPro(0)/m/sc/10.95  \TU/PlantinMTPro(0)/m/n/10.95 autem 
non-dum na-tus
 []


Underfull \hbox (badness 10000) in paragraph at lines 402--403
\TU/PlantinMTPro(0)/m/n/10.95 de se-créto matérni úteri
 []


Underfull \hbox (badness 7362) in paragraph at lines 402--403
\TU/PlantinMTPro(0)/m/n/10.95 prophetávit, et ex-pers lu-cis jam
 []

[16]
Module gregoriotex Info: Looking in  on input line 409
Module gregoriotex Info: Found gabc/res5.gabc directly on input line 409
Module gregoriotex Info: Output directory: tmp-gre/gabc/ on input line 409
 (./tmp-gre/gabc/res5-6_1_0.gtex
Removing  `luaotfload.harf.finalize_vlist' from `post_linebreak_filter'.
Inserting `gregoriotex.post_linebreak' in `post_linebreak_filter'.
Inserting `luaotfload.harf.finalize_vlist' in `post_linebreak_filter'.
Inserting `gregoriotex.disable_hyphenation' in `hyphenate'.
Removing  `gregoriotex.post_linebreak' from `post_linebreak_filter'.
Removing  `gregoriotex.disable_hyphenation' from `hyphenate'.)
Package lettrine.sty Info: Targeted height = 19.09691pt
(lettrine.sty)             (for loversize=0, accent excluded),
(lettrine.sty)             Lettrine height = 19.43295pt (Q);
(lettrine.sty)             reported on input line 426.

Underfull \hbox (badness 10000) in paragraph at lines 426--427
\TU/PlantinMTPro(0)/m/n/10.95 con-stitú-tus ad Chris-tum
 []


Underfull \hbox (badness 10000) in paragraph at lines 426--427
\TU/PlantinMTPro(0)/m/n/10.95 dis-cípu-los suos ór-di-nat; lex ad
 []

[17]
Module gregoriotex Info: Looking in  on input line 433
Module gregoriotex Info: Found gabc/res6.gabc directly on input line 433
Module gregoriotex Info: Output directory: tmp-gre/gabc/ on input line 433
 (./tmp-gre/gabc/res6-6_1_0.gtex
Removing  `luaotfload.harf.finalize_vlist' from `post_linebreak_filter'.
Inserting `gregoriotex.post_linebreak' in `post_linebreak_filter'.
Inserting `luaotfload.harf.finalize_vlist' in `post_linebreak_filter'.
Inserting `gregoriotex.disable_hyphenation' in `hyphenate'.
Missing character: There is no - (U+002D) in font nullfont!
Removing  `gregoriotex.post_linebreak' from `post_linebreak_filter'.
Removing  `gregoriotex.disable_hyphenation' from `hyphenate'.)
Module gregoriotex Info: Looking in  on input line 439
Module gregoriotex Info: Found gabc/ant7.gabc directly on input line 439
Module gregoriotex Info: Output directory: tmp-gre/gabc/ on input line 439
 (./tmp-gre/gabc/ant7-6_1_0.gtex
Removing  `luaotfload.harf.finalize_vlist' from `post_linebreak_filter'.
Inserting `gregoriotex.post_linebreak' in `post_linebreak_filter'.
Inserting `luaotfload.harf.finalize_vlist' in `post_linebreak_filter'.
Inserting `gregoriotex.disable_hyphenation' in `hyphenate'.
Removing  `gregoriotex.post_linebreak' from `post_linebreak_filter'.
Removing  `gregoriotex.disable_hyphenation' from `hyphenate'.) [18] [19]
Package lettrine.sty Info: Targeted height = 19.09691pt
(lettrine.sty)             (for loversize=0, accent excluded),
(lettrine.sty)             Lettrine height = 19.09694pt (D);
(lettrine.sty)             reported on input line 446.

Underfull \hbox (badness 10000) in paragraph at lines 446--447
[]\TU/PlantinMTPro(0)/m/sc/10.95 , \TU/PlantinMTPro(0)/m/n/10.95
 quis habitábit in
 []

Module gregoriotex Info: Looking in  on input line 465
Module gregoriotex Info: Found gabc/ant7.gabc directly on input line 465
Module gregoriotex Info: Output directory: tmp-gre/gabc/ on input line 465
(./tmp-gre/gabc/ant7-6_1_0.gtex
Removing  `luaotfload.harf.finalize_vlist' from `post_linebreak_filter'.
Inserting `gregoriotex.post_linebreak' in `post_linebreak_filter'.
Inserting `luaotfload.harf.finalize_vlist' in `post_linebreak_filter'.
Inserting `gregoriotex.disable_hyphenation' in `hyphenate'.
Removing  `gregoriotex.post_linebreak' from `post_linebreak_filter'.
Removing  `gregoriotex.disable_hyphenation' from `hyphenate'.)
Module gregoriotex Info: Looking in  on input line 467
Module gregoriotex Info: Found gabc/ant8.gabc directly on input line 467
Module gregoriotex Info: Output directory: tmp-gre/gabc/ on input line 467
 (./tmp-gre/gabc/ant8-6_1_0.gtex
Removing  `luaotfload.harf.finalize_vlist' from `post_linebreak_filter'.
Inserting `gregoriotex.post_linebreak' in `post_linebreak_filter'.
Inserting `luaotfload.harf.finalize_vlist' in `post_linebreak_filter'.
Inserting `gregoriotex.disable_hyphenation' in `hyphenate'.
Removing  `gregoriotex.post_linebreak' from `post_linebreak_filter'.
Removing  `gregoriotex.disable_hyphenation' from `hyphenate'.)
Package lettrine.sty Info: Targeted height = 19.09691pt
(lettrine.sty)             (for loversize=0, accent excluded),
(lettrine.sty)             Lettrine height = 19.09694pt (D);
(lettrine.sty)             reported on input line 474.

Underfull \hbox (badness 10000) in paragraph at lines 478--479
[]\TU/PlantinMTPro(0)/m/n/10.95 Quó-niam prævenísti eum in
 []

[20]
Underfull \hbox (badness 10000) in paragraph at lines 494--495
[]\TU/PlantinMTPro(0)/m/n/10.95 Quó-niam de-cli-navérunt in te
 []

Module gregoriotex Info: Looking in  on input line 505
Module gregoriotex Info: Found gabc/ant8.gabc directly on input line 505
Module gregoriotex Info: Output directory: tmp-gre/gabc/ on input line 505
(./tmp-gre/gabc/ant8-6_1_0.gtex
Removing  `luaotfload.harf.finalize_vlist' from `post_linebreak_filter'.
Inserting `gregoriotex.post_linebreak' in `post_linebreak_filter'.
Inserting `luaotfload.harf.finalize_vlist' in `post_linebreak_filter'.
Inserting `gregoriotex.disable_hyphenation' in `hyphenate'.
Removing  `gregoriotex.post_linebreak' from `post_linebreak_filter'.
Removing  `gregoriotex.disable_hyphenation' from `hyphenate'.)
Module gregoriotex Info: Looking in  on input line 507
Module gregoriotex Info: Found gabc/ant9.gabc directly on input line 507
Module gregoriotex Info: Output directory: tmp-gre/gabc/ on input line 507
 (./tmp-gre/gabc/ant9-6_1_0.gtex
Removing  `luaotfload.harf.finalize_vlist' from `post_linebreak_filter'.
Inserting `gregoriotex.post_linebreak' in `post_linebreak_filter'.
Inserting `luaotfload.harf.finalize_vlist' in `post_linebreak_filter'.
Inserting `gregoriotex.disable_hyphenation' in `hyphenate'.
Removing  `gregoriotex.post_linebreak' from `post_linebreak_filter'.
Removing  `gregoriotex.disable_hyphenation' from `hyphenate'.) [21]
Package lettrine.sty Info: Targeted height = 19.09691pt
(lettrine.sty)             (for loversize=0, accent excluded),
(lettrine.sty)             Lettrine height = 19.09694pt (B);
(lettrine.sty)             reported on input line 514.

Underfull \hbox (badness 10000) in paragraph at lines 516--517
[]\TU/PlantinMTPro(0)/m/n/10.95 In Dómino laudábitur án-ima
 []


Underfull \hbox (badness 10000) in paragraph at lines 544--545
[]\TU/PlantinMTPro(0)/m/n/10.95 Vul-tus autem Dómini su-per
 []


Underfull \hbox (badness 10000) in paragraph at lines 548--549
[]\TU/PlantinMTPro(0)/m/n/10.95 Juxta est Dómi-nus iis, qui
 []


Underfull \hbox (badness 10000) in paragraph at lines 556--557
[]\TU/PlantinMTPro(0)/m/n/10.95 Rédimet Dómi-nus án-i-mas
 []

Module gregoriotex Info: Looking in  on input line 563
Module gregoriotex Info: Found gabc/ant9.gabc directly on input line 563
Module gregoriotex Info: Output directory: tmp-gre/gabc/ on input line 563
(./tmp-gre/gabc/ant9-6_1_0.gtex
Removing  `luaotfload.harf.finalize_vlist' from `post_linebreak_filter'.
Inserting `gregoriotex.post_linebreak' in `post_linebreak_filter'.
Inserting `luaotfload.harf.finalize_vlist' in `post_linebreak_filter'.
Inserting `gregoriotex.disable_hyphenation' in `hyphenate'. [22]
Removing  `gregoriotex.post_linebreak' from `post_linebreak_filter'.
Removing  `gregoriotex.disable_hyphenation' from `hyphenate'.)
Package lettrine.sty Info: Targeted height = 19.09691pt
(lettrine.sty)             (for loversize=0, accent excluded),
(lettrine.sty)             Lettrine height = 19.09694pt (E);
(lettrine.sty)             reported on input line 602.
Package lettrine.sty Info: Targeted height = 19.09691pt
(lettrine.sty)             (for loversize=0, accent excluded),
(lettrine.sty)             Lettrine height = 19.09694pt (P);
(lettrine.sty)             reported on input line 613.

Underfull \hbox (badness 10000) in paragraph at lines 613--614
\TU/PlantinMTPro(0)/m/n/10.95 grat-u-la-bán-tur vicíni. Ha-
 []


Underfull \hbox (badness 10000) in paragraph at lines 613--614
\TU/PlantinMTPro(0)/m/n/10.95 bet Sanc-tórum edí-tio lætí-tiam
 []


Underfull \hbox (badness 10000) in paragraph at lines 613--614
\TU/PlantinMTPro(0)/m/n/10.95 plurimórum, quia com-múne est
 []


Underfull \hbox (badness 10000) in paragraph at lines 613--614
\TU/PlantinMTPro(0)/m/n/10.95 bonum; justí-tia enim com-mú-nis
 []


Underfull \hbox (badness 10000) in paragraph at lines 613--614
\TU/PlantinMTPro(0)/m/n/10.95 vicinórum præ-fig-uránte signá-tur.
 []


Underfull \hbox (badness 5119) in paragraph at lines 613--614
\TU/PlantinMTPro(0)/m/n/10.95 Pul-chre autem tem-pus, quo fuit
 []

[23]
Module gregoriotex Info: Looking in  on input line 620
Module gregoriotex Info: Found gabc/res7.gabc directly on input line 620
Module gregoriotex Info: Output directory: tmp-gre/gabc/ on input line 620
 (./tmp-gre/gabc/res7-6_1_0.gtex
Removing  `luaotfload.harf.finalize_vlist' from `post_linebreak_filter'.
Inserting `gregoriotex.post_linebreak' in `post_linebreak_filter'.
Inserting `luaotfload.harf.finalize_vlist' in `post_linebreak_filter'.
Inserting `gregoriotex.disable_hyphenation' in `hyphenate'.
Missing character: There is no - (U+002D) in font nullfont!
Removing  `gregoriotex.post_linebreak' from `post_linebreak_filter'.
Removing  `gregoriotex.disable_hyphenation' from `hyphenate'.)
Package lettrine.sty Info: Targeted height = 19.09691pt
(lettrine.sty)             (for loversize=0, accent excluded),
(lettrine.sty)             Lettrine height = 19.09694pt (N);
(lettrine.sty)             reported on input line 635.
Module gregoriotex Info: Looking in  on input line 642
Module gregoriotex Info: Found gabc/res8.gabc directly on input line 642
Module gregoriotex Info: Output directory: tmp-gre/gabc/ on input line 642
 (./tmp-gre/gabc/res8-6_1_0.gtex
Removing  `luaotfload.harf.finalize_vlist' from `post_linebreak_filter'.
Inserting `gregoriotex.post_linebreak' in `post_linebreak_filter'.
Inserting `luaotfload.harf.finalize_vlist' in `post_linebreak_filter'.
Inserting `gregoriotex.disable_hyphenation' in `hyphenate'.
Missing character: There is no - (U+002D) in font nullfont!
[24]
Removing  `gregoriotex.post_linebreak' from `post_linebreak_filter'.
Removing  `gregoriotex.disable_hyphenation' from `hyphenate'.) [25]
Package lettrine.sty Info: Targeted height = 19.09691pt
(lettrine.sty)             (for loversize=0, accent excluded),
(lettrine.sty)             Lettrine height = 19.09694pt (J);
(lettrine.sty)             reported on input line 657.
Module gregoriotex Info: Looking in  on input line 664
Module gregoriotex Info: Found gabc/tedeum.gabc directly on input line 664
Module gregoriotex Info: Output directory: tmp-gre/gabc/ on input line 664
 (./tmp-gre/gabc/tedeum-6_1_0.gtex
Removing  `luaotfload.harf.finalize_vlist' from `post_linebreak_filter'.
Inserting `gregoriotex.post_linebreak' in `post_linebreak_filter'.
Inserting `luaotfload.harf.finalize_vlist' in `post_linebreak_filter'.
Inserting `gregoriotex.disable_hyphenation' in `hyphenate'.
Missing character: There is no - (U+002D) in font nullfont!
Missing character: There is no - (U+002D) in font nullfont!
Missing character: There is no - (U+002D) in font nullfont!
[26] [27]
Removing  `gregoriotex.post_linebreak' from `post_linebreak_filter'.
Removing  `gregoriotex.disable_hyphenation' from `hyphenate'.)
Module gregoriotex Info: Looking in  on input line 670
Module gregoriotex Info: Found gabc/deus.gabc directly on input line 670
Module gregoriotex Info: Output directory: tmp-gre/gabc/ on input line 670
 (./tmp-gre/gabc/deus-6_1_0.gtex
Removing  `luaotfload.harf.finalize_vlist' from `post_linebreak_filter'.
Inserting `gregoriotex.post_linebreak' in `post_linebreak_filter'.
Inserting `luaotfload.harf.finalize_vlist' in `post_linebreak_filter'.
Inserting `gregoriotex.disable_hyphenation' in `hyphenate'.
Removing  `gregoriotex.post_linebreak' from `post_linebreak_filter'.
Removing  `gregoriotex.disable_hyphenation' from `hyphenate'.)
Module gregoriotex Info: Looking in  on input line 672
Module gregoriotex Info: Found gabc/lant1.gabc directly on input line 672
Module gregoriotex Info: Output directory: tmp-gre/gabc/ on input line 672
 (./tmp-gre/gabc/lant1-6_1_0.gtex
Removing  `luaotfload.harf.finalize_vlist' from `post_linebreak_filter'.
Inserting `gregoriotex.post_linebreak' in `post_linebreak_filter'.
Inserting `luaotfload.harf.finalize_vlist' in `post_linebreak_filter'.
Inserting `gregoriotex.disable_hyphenation' in `hyphenate'.
[28]
Removing  `gregoriotex.post_linebreak' from `post_linebreak_filter'.
Removing  `gregoriotex.disable_hyphenation' from `hyphenate'.)
Package lettrine.sty Info: Targeted height = 19.09691pt
(lettrine.sty)             (for loversize=0, accent excluded),
(lettrine.sty)             Lettrine height = 19.09694pt (D);
(lettrine.sty)             reported on input line 679.
Module gregoriotex Info: Looking in  on input line 698
Module gregoriotex Info: Found gabc/lant1.gabc directly on input line 698
Module gregoriotex Info: Output directory: tmp-gre/gabc/ on input line 698
 (./tmp-gre/gabc/lant1-6_1_0.gtex
Removing  `luaotfload.harf.finalize_vlist' from `post_linebreak_filter'.
Inserting `gregoriotex.post_linebreak' in `post_linebreak_filter'.
Inserting `luaotfload.harf.finalize_vlist' in `post_linebreak_filter'.
Inserting `gregoriotex.disable_hyphenation' in `hyphenate'.
Removing  `gregoriotex.post_linebreak' from `post_linebreak_filter'.
Removing  `gregoriotex.disable_hyphenation' from `hyphenate'.)
Module gregoriotex Info: Looking in  on input line 700
Module gregoriotex Info: Found gabc/lant2.gabc directly on input line 700
Module gregoriotex Info: Output directory: tmp-gre/gabc/ on input line 700
 (./tmp-gre/gabc/lant2-6_1_0.gtex
Removing  `luaotfload.harf.finalize_vlist' from `post_linebreak_filter'.
Inserting `gregoriotex.post_linebreak' in `post_linebreak_filter'.
Inserting `luaotfload.harf.finalize_vlist' in `post_linebreak_filter'.
Inserting `gregoriotex.disable_hyphenation' in `hyphenate'.
Removing  `gregoriotex.post_linebreak' from `post_linebreak_filter'.
Removing  `gregoriotex.disable_hyphenation' from `hyphenate'.)
[29]
Package lettrine.sty Info: Targeted height = 19.09691pt
(lettrine.sty)             (for loversize=0, accent excluded),
(lettrine.sty)             Lettrine height = 19.09694pt (J);
(lettrine.sty)             reported on input line 707.
Module gregoriotex Info: Looking in  on input line 723
Module gregoriotex Info: Found gabc/lant2.gabc directly on input line 723
Module gregoriotex Info: Output directory: tmp-gre/gabc/ on input line 723
 (./tmp-gre/gabc/lant2-6_1_0.gtex
Removing  `luaotfload.harf.finalize_vlist' from `post_linebreak_filter'.
Inserting `gregoriotex.post_linebreak' in `post_linebreak_filter'.
Inserting `luaotfload.harf.finalize_vlist' in `post_linebreak_filter'.
Inserting `gregoriotex.disable_hyphenation' in `hyphenate'.
Removing  `gregoriotex.post_linebreak' from `post_linebreak_filter'.
Removing  `gregoriotex.disable_hyphenation' from `hyphenate'.)
Module gregoriotex Info: Looking in  on input line 725
Module gregoriotex Info: Found gabc/lant3.gabc directly on input line 725
Module gregoriotex Info: Output directory: tmp-gre/gabc/ on input line 725
 (./tmp-gre/gabc/lant3-6_1_0.gtex
Removing  `luaotfload.harf.finalize_vlist' from `post_linebreak_filter'.
Inserting `gregoriotex.post_linebreak' in `post_linebreak_filter'.
Inserting `luaotfload.harf.finalize_vlist' in `post_linebreak_filter'.
Inserting `gregoriotex.disable_hyphenation' in `hyphenate'.
Removing  `gregoriotex.post_linebreak' from `post_linebreak_filter'.
Removing  `gregoriotex.disable_hyphenation' from `hyphenate'.)
Package lettrine.sty Info: Targeted height = 19.09691pt
(lettrine.sty)             (for loversize=0, accent excluded),
(lettrine.sty)             Lettrine height = 19.09694pt (D);
(lettrine.sty)             reported on input line 732.

[30]
Package lettrine.sty Info: Targeted height = 19.09691pt
(lettrine.sty)             (for loversize=0, accent excluded),
(lettrine.sty)             Lettrine height = 19.09694pt (D);
(lettrine.sty)             reported on input line 756.
Module gregoriotex Info: Looking in  on input line 773
Module gregoriotex Info: Found gabc/lant3.gabc directly on input line 773
Module gregoriotex Info: Output directory: tmp-gre/gabc/ on input line 773
 (./tmp-gre/gabc/lant3-6_1_0.gtex
Removing  `luaotfload.harf.finalize_vlist' from `post_linebreak_filter'.
Inserting `gregoriotex.post_linebreak' in `post_linebreak_filter'.
Inserting `luaotfload.harf.finalize_vlist' in `post_linebreak_filter'.
Inserting `gregoriotex.disable_hyphenation' in `hyphenate'.
Removing  `gregoriotex.post_linebreak' from `post_linebreak_filter'.
Removing  `gregoriotex.disable_hyphenation' from `hyphenate'.)
Module gregoriotex Info: Looking in  on input line 775
Module gregoriotex Info: Found gabc/lant4.gabc directly on input line 775
Module gregoriotex Info: Output directory: tmp-gre/gabc/ on input line 775
 (./tmp-gre/gabc/lant4-6_1_0.gtex
Removing  `luaotfload.harf.finalize_vlist' from `post_linebreak_filter'.
Inserting `gregoriotex.post_linebreak' in `post_linebreak_filter'.
Inserting `luaotfload.harf.finalize_vlist' in `post_linebreak_filter'.
Inserting `gregoriotex.disable_hyphenation' in `hyphenate'.
Missing character: There is no - (U+002D) in font nullfont!
Removing  `gregoriotex.post_linebreak' from `post_linebreak_filter'.
Removing  `gregoriotex.disable_hyphenation' from `hyphenate'.) [31]
Package lettrine.sty Info: Targeted height = 19.09691pt
(lettrine.sty)             (for loversize=0, accent excluded),
(lettrine.sty)             Lettrine height = 19.09694pt (B);
(lettrine.sty)             reported on input line 782.

Underfull \hbox (badness 10000) in paragraph at lines 784--785
[]\TU/PlantinMTPro(0)/m/n/10.95 Benedícite, Án-geli Dómini,
 []


Underfull \hbox (badness 10000) in paragraph at lines 786--787
\TU/PlantinMTPro(0)/m/n/10.95 su-per cæ-los sunt, Dómino: *
 []


Underfull \hbox (badness 10000) in paragraph at lines 792--793
[]\TU/PlantinMTPro(0)/m/n/10.95 Benedícite, ig-nis et æs-tus,
 []


Underfull \hbox (badness 10000) in paragraph at lines 794--795
[]\TU/PlantinMTPro(0)/m/n/10.95 Benedícite, rores et pruína,
 []


Underfull \hbox (badness 10000) in paragraph at lines 796--797
[]\TU/PlantinMTPro(0)/m/n/10.95 Benedícite, glá-cies et nives,
 []


Underfull \hbox (badness 10000) in paragraph at lines 798--799
[]\TU/PlantinMTPro(0)/m/n/10.95 Benedícite, lux et téne-bræ,
 []


Underfull \hbox (badness 10000) in paragraph at lines 802--803
[]\TU/PlantinMTPro(0)/m/n/10.95 Benedícite, montes et colles,
 []


Underfull \hbox (badness 10000) in paragraph at lines 804--805
[]\TU/PlantinMTPro(0)/m/n/10.95 Benedícite, fontes, Dómino:
 []


Underfull \hbox (badness 10000) in paragraph at lines 804--805
\TU/PlantinMTPro(0)/m/n/10.95 * benedícite, mária et flúmina,
 []


Underfull \hbox (badness 5878) in paragraph at lines 806--807
\TU/PlantinMTPro(0)/m/n/10.95 movén-tur in aquis, Dómino: *
 []


Underfull \hbox (badness 10000) in paragraph at lines 806--807
\TU/PlantinMTPro(0)/m/n/10.95 benedícite, omnes vólu-cres cæli,
 []


Underfull \hbox (badness 10000) in paragraph at lines 816--817
[]\TU/PlantinMTPro(0)/m/n/10.95 Benedícite, Ananía, Azaría,
 []

Module gregoriotex Info: Looking in  on input line 823
Module gregoriotex Info: Found gabc/lant4.gabc directly on input line 823
Module gregoriotex Info: Output directory: tmp-gre/gabc/ on input line 823
(./tmp-gre/gabc/lant4-6_1_0.gtex
Removing  `luaotfload.harf.finalize_vlist' from `post_linebreak_filter'.
Inserting `gregoriotex.post_linebreak' in `post_linebreak_filter'.
Inserting `luaotfload.harf.finalize_vlist' in `post_linebreak_filter'.
Inserting `gregoriotex.disable_hyphenation' in `hyphenate'.
Missing character: There is no - (U+002D) in font nullfont!
Removing  `gregoriotex.post_linebreak' from `post_linebreak_filter'.
Removing  `gregoriotex.disable_hyphenation' from `hyphenate'.)
Module gregoriotex Info: Looking in  on input line 825
Module gregoriotex Info: Found gabc/lant5.gabc directly on input line 825
Module gregoriotex Info: Output directory: tmp-gre/gabc/ on input line 825
 (./tmp-gre/gabc/lant5-6_1_0.gtex
Removing  `luaotfload.harf.finalize_vlist' from `post_linebreak_filter'.
Inserting `gregoriotex.post_linebreak' in `post_linebreak_filter'.
Inserting `luaotfload.harf.finalize_vlist' in `post_linebreak_filter'.
Inserting `gregoriotex.disable_hyphenation' in `hyphenate'. [32]
Removing  `gregoriotex.post_linebreak' from `post_linebreak_filter'.
Removing  `gregoriotex.disable_hyphenation' from `hyphenate'.)
Package lettrine.sty Info: Targeted height = 19.09691pt
(lettrine.sty)             (for loversize=0, accent excluded),
(lettrine.sty)             Lettrine height = 19.09694pt (L);
(lettrine.sty)             reported on input line 832.
Package lettrine.sty Info: Targeted height = 19.09691pt
(lettrine.sty)             (for loversize=0, accent excluded),
(lettrine.sty)             Lettrine height = 19.43295pt (C);
(lettrine.sty)             reported on input line 865.

Underfull \hbox (badness 10000) in paragraph at lines 865--866
[]\TU/PlantinMTPro(0)/m/sc/10.95 - \TU/PlantinMTPro(0)/m/n/10
.95 Dómino cán-ticum
 []


Underfull \hbox (badness 10000) in paragraph at lines 875--876
[]\TU/PlantinMTPro(0)/m/n/10.95 Ex-al-tatiónes Dei in gút-ture
 []


Underfull \hbox (badness 10000) in paragraph at lines 877--878
[]\TU/PlantinMTPro(0)/m/n/10.95 Ad facién-dam vin-díc-tam in
 []


Underfull \hbox (badness 10000) in paragraph at lines 877--878
\TU/PlantinMTPro(0)/m/n/10.95 natiónibus: * in-crepatiónes in
 []

[33]
Package lettrine.sty Info: Targeted height = 19.09691pt
(lettrine.sty)             (for loversize=0, accent excluded),
(lettrine.sty)             Lettrine height = 19.09694pt (L);
(lettrine.sty)             reported on input line 887.

Underfull \hbox (badness 5504) in paragraph at lines 889--890
\TU/PlantinMTPro(0)/m/n/10.95 * laudáte eum secún-dum mul-ti-
 []

Module gregoriotex Info: Looking in  on input line 902
Module gregoriotex Info: Found gabc/lant5.gabc directly on input line 902
Module gregoriotex Info: Output directory: tmp-gre/gabc/ on input line 902
(./tmp-gre/gabc/lant5-6_1_0.gtex
Removing  `luaotfload.harf.finalize_vlist' from `post_linebreak_filter'.
Inserting `gregoriotex.post_linebreak' in `post_linebreak_filter'.
Inserting `luaotfload.harf.finalize_vlist' in `post_linebreak_filter'.
Inserting `gregoriotex.disable_hyphenation' in `hyphenate'.
Removing  `gregoriotex.post_linebreak' from `post_linebreak_filter'.
Removing  `gregoriotex.disable_hyphenation' from `hyphenate'.)
Package lettrine.sty Info: Targeted height = 19.09691pt
(lettrine.sty)             (for loversize=0, accent excluded),
(lettrine.sty)             Lettrine height = 19.09694pt (A);
(lettrine.sty)             reported on input line 910.
Module gregoriotex Info: Looking in  on input line 914
Module gregoriotex Info: Found gabc/lhymn.gabc directly on input line 914
Module gregoriotex Info: Output directory: tmp-gre/gabc/ on input line 914
 (./tmp-gre/gabc/lhymn-6_1_0.gtex
Removing  `luaotfload.harf.finalize_vlist' from `post_linebreak_filter'.
Inserting `gregoriotex.post_linebreak' in `post_linebreak_filter'.
Inserting `luaotfload.harf.finalize_vlist' in `post_linebreak_filter'.
Inserting `gregoriotex.disable_hyphenation' in `hyphenate'.
Missing character: There is no - (U+002D) in font nullfont!
Missing character: There is no - (U+002D) in font nullfont!
[34]
Removing  `gregoriotex.post_linebreak' from `post_linebreak_filter'.
Removing  `gregoriotex.disable_hyphenation' from `hyphenate'.)
Module gregoriotex Info: Looking in  on input line 924
Module gregoriotex Info: Found gabc/lant6.gabc directly on input line 924
Module gregoriotex Info: Output directory: tmp-gre/gabc/ on input line 924
 (./tmp-gre/gabc/lant6-6_1_0.gtex
Removing  `luaotfload.harf.finalize_vlist' from `post_linebreak_filter'.
Inserting `gregoriotex.post_linebreak' in `post_linebreak_filter'.
Inserting `luaotfload.harf.finalize_vlist' in `post_linebreak_filter'.
Inserting `gregoriotex.disable_hyphenation' in `hyphenate'.
Removing  `gregoriotex.post_linebreak' from `post_linebreak_filter'.
Removing  `gregoriotex.disable_hyphenation' from `hyphenate'.) [35]
Package lettrine.sty Info: Targeted height = 19.09691pt
(lettrine.sty)             (for loversize=0, accent excluded),
(lettrine.sty)             Lettrine height = 19.09694pt (B);
(lettrine.sty)             reported on input line 931.

Underfull \hbox (badness 10000) in paragraph at lines 935--936
\TU/PlantinMTPro(0)/m/n/10.95 tórum, * qui a sǽculo sunt,
 []


Underfull \hbox (badness 10000) in paragraph at lines 939--940
[]\TU/PlantinMTPro(0)/m/n/10.95 Ad facién-dam mis-er-icór-diam
 []


Underfull \hbox (badness 10000) in paragraph at lines 941--942
[]\TU/PlantinMTPro(0)/m/n/10.95 Jusjurán-dum, quod ju-rávit
 []


Underfull \hbox (badness 5908) in paragraph at lines 941--942
\TU/PlantinMTPro(0)/m/n/10.95 ad Ábra-ham pa-trem nos-trum, *
 []


Underfull \hbox (badness 10000) in paragraph at lines 949--950
[]\TU/PlantinMTPro(0)/m/n/10.95 Ad dan-dam scién-tiam salútis
 []

Module gregoriotex Info: Looking in  on input line 960
Module gregoriotex Info: Found gabc/lant6.gabc directly on input line 960
Module gregoriotex Info: Output directory: tmp-gre/gabc/ on input line 960
(./tmp-gre/gabc/lant6-6_1_0.gtex
Removing  `luaotfload.harf.finalize_vlist' from `post_linebreak_filter'.
Inserting `gregoriotex.post_linebreak' in `post_linebreak_filter'.
Inserting `luaotfload.harf.finalize_vlist' in `post_linebreak_filter'.
Inserting `gregoriotex.disable_hyphenation' in `hyphenate'.
Removing  `gregoriotex.post_linebreak' from `post_linebreak_filter'.
Removing  `gregoriotex.disable_hyphenation' from `hyphenate'.)
Package lettrine.sty Info: Targeted height = 19.09691pt
(lettrine.sty)             (for loversize=0, accent excluded),
(lettrine.sty)             Lettrine height = 19.09694pt (D);
(lettrine.sty)             reported on input line 972.
 [36]
Module gregoriotex Info: Looking in  on input line 997
Module gregoriotex Info: Found gabc/salve.gabc directly on input line 997
Module gregoriotex Info: Output directory: tmp-gre/gabc/ on input line 997
 (./tmp-gre/gabc/salve-6_1_0.gtex
Removing  `luaotfload.harf.finalize_vlist' from `post_linebreak_filter'.
Inserting `gregoriotex.post_linebreak' in `post_linebreak_filter'.
Inserting `luaotfload.harf.finalize_vlist' in `post_linebreak_filter'.
Inserting `gregoriotex.disable_hyphenation' in `hyphenate'.
Overfull \hbox (8.45567pt too wide) detected at line 806
|
 []

Missing character: There is no - (U+002D) in font nullfont!
Removing  `gregoriotex.post_linebreak' from `post_linebreak_filter'.
Removing  `gregoriotex.disable_hyphenation' from `hyphenate'.)
Package lettrine.sty Info: Targeted height = 19.09691pt
(lettrine.sty)             (for loversize=0, accent excluded),
(lettrine.sty)             Lettrine height = 19.43295pt (O);
(lettrine.sty)             reported on input line 1007.


Package lettrine Warning: *** ATTENTION REQUIRED ***
(lettrine)                The dropped cap O doesn't fit on page 37.
(lettrine)                Missing vertical space: 60.94743pt. 
(lettrine)                Reported on input line 1007.

[37] [38] (./matins.aux)
 ***********
LaTeX2e <2025-11-01>
L3 programming layer <2025-12-29>
 ***********


LaTeX Font Warning: Some font shapes were not available, defaults substituted.

)

Here is how much of LuaTeX's memory you used:
 23407 strings out of 476081
 596154,794899 words of node,token memory allocated
 631 words of node memory still in use:
   6 hlist, 1 vlist, 1 rule, 2 glue, 3 kern, 4 glyph, 48 attribute, 63 glue_spec
, 9 attribute_list, 1 write, 1 user_defined nodes
   avail lists: 1:3,2:92475,3:7446,4:57,5:11590,6:968,7:12971,9:17005,10:55,11:3
40
 45451 multiletter control sequences out of 65536+600000
 64 fonts using 11686927 bytes
 73i,6n,92p,823b,11881s stack positions out of 10000i,1000n,20000p,200000b,200000s
Module gregoriotex Info: Writing matins.gaux on input line 0
Module gregoriotex Warning: Line heights, variable brace lengths, or soft flats/
sharps may have changed. Rerun to fix. on input line 0
</usr/local/texlive/2025/texmf-dist/fonts/opentype/public/ebgaramond/EBGaramond-
Regular.otf></usr/share/fonts/plantin-mt-pro/PlantinMTProBold.TTF></usr/local/te
xlive/2025/texmf-dist/fonts/truetype/public/gregoriotex/greextra.ttf></usr/local
/texlive/2025/texmf-dist/fonts/truetype/public/gregoriotex/greciliae.ttf></usr/s
hare/fonts/plantin-mt-pro/PlantinMTProRgIt.TTF></usr/share/fonts/plantin-mt-pro/
PlantinMTProRg.TTF></home/noahlovins/.local/share/fonts/Canterbury.ttf></home/no
ahlovins/.local/share/fonts/LAI_____.TTF>
Output written on matins.pdf (38 pages, 207204 bytes).

PDF statistics: 180 PDF objects out of 1000 (max. 8388607)
 114 compressed objects within 2 object streams
 0 named destinations out of 1000 (max. 131072)
 1 words of extra memory for PDF output out of 10000 (max. 100000000)

